<?xml version="1.0" encoding="UTF-8"?>
<!-- Generated by org.testng.reporters.JUnitXMLReporter -->
<testsuite ignored="2" hostname="LAPTOP-29AJTT9G" failures="0" tests="1" name="Test" time="0.146" errors="0" timestamp="2025-04-03T21:00:52 IST">
  <testcase classname="testng.Demo" name="createContact" time="0.035"/>
  <testcase classname="testng.Demo" name="modifyContact" time="0.0">
    <ignored/>
  </testcase> <!-- modifyContact -->
  <testcase classname="testng.Demo" name="deleteContact" time="0.0">
    <ignored/>
  </testcase> <!-- deleteContact -->
</testsuite> <!-- Test -->
